Change Component Designator: Old Designator=C1 New Designator=C?
Change Component Designator: Old Designator=C2 New Designator=C?
Change Component Designator: Old Designator=C3 New Designator=C?
Change Component Designator: Old Designator=C4 New Designator=C?
Change Component Designator: Old Designator=C5 New Designator=C?
Change Component Designator: Old Designator=C6 New Designator=C?
Change Component Designator: Old Designator=C7 New Designator=C?
Change Component Designator: Old Designator=C8 New Designator=C?
Change Component Designator: Old Designator=C9 New Designator=C?
Change Component Designator: Old Designator=C10 New Designator=C?
Change Component Designator: Old Designator=C11 New Designator=C?
Change Component Designator: Old Designator=C12 New Designator=C?
Change Component Designator: Old Designator=C13 New Designator=C?
Change Component Designator: Old Designator=C14 New Designator=C?
Change Component Designator: Old Designator=C15 New Designator=C?
Change Component Designator: Old Designator=C16 New Designator=C?
Change Component Designator: Old Designator=D1 New Designator=D?
Change Component Designator: Old Designator=ESP1 New Designator=ESP?
Change Component Designator: Old Designator=ESP2 New Designator=ESP?
Change Component Designator: Old Designator=LS1 New Designator=LS?
Change Component Designator: Old Designator=P1 New Designator=P?
Change Component Designator: Old Designator=P2 New Designator=P?
Change Component Designator: Old Designator=P3 New Designator=P?
Change Component Designator: Old Designator=P4 New Designator=P?
Change Component Designator: Old Designator=P5 New Designator=P?
Change Component Designator: Old Designator=P6 New Designator=P?
Change Component Designator: Old Designator=P7 New Designator=P?
Change Component Designator: Old Designator=P8 New Designator=P?
Change Component Designator: Old Designator=P9 New Designator=P?
Change Component Designator: Old Designator=P10 New Designator=P?
Change Component Designator: Old Designator=P11 New Designator=P?
Change Component Designator: Old Designator=P12 New Designator=P?
Change Component Designator: Old Designator=P13 New Designator=P?
Change Component Designator: Old Designator=P14 New Designator=P?
Change Component Designator: Old Designator=P15 New Designator=P?
Change Component Designator: Old Designator=P16 New Designator=P?
Change Component Designator: Old Designator=P17 New Designator=P?
Change Component Designator: Old Designator=P18 New Designator=P?
Change Component Designator: Old Designator=P19 New Designator=P?
Change Component Designator: Old Designator=P20 New Designator=P?
Change Component Designator: Old Designator=P21 New Designator=P?
Change Component Designator: Old Designator=P22 New Designator=P?
Change Component Designator: Old Designator=P23 New Designator=P?
Change Component Designator: Old Designator=P24 New Designator=P?
Change Component Designator: Old Designator=P25 New Designator=P?
Change Component Designator: Old Designator=P26 New Designator=P?
Change Component Designator: Old Designator=P27 New Designator=P?
Change Component Designator: Old Designator=P28 New Designator=P?
Change Component Designator: Old Designator=P29 New Designator=P?
Change Component Designator: Old Designator=P30 New Designator=P?
Change Component Designator: Old Designator=P31 New Designator=P?
Change Component Designator: Old Designator=P32 New Designator=P?
Change Component Designator: Old Designator=P33 New Designator=P?
Change Component Designator: Old Designator=P34 New Designator=P?
Change Component Designator: Old Designator=P35 New Designator=P?
Change Component Designator: Old Designator=P36 New Designator=P?
Change Component Designator: Old Designator=P37 New Designator=P?
Change Component Designator: Old Designator=P38 New Designator=P?
Change Component Designator: Old Designator=P39 New Designator=P?
Change Component Designator: Old Designator=P40 New Designator=P?
Change Component Designator: Old Designator=P41 New Designator=P?
Change Component Designator: Old Designator=P42 New Designator=P?
Change Component Designator: Old Designator=P43 New Designator=P?
Change Component Designator: Old Designator=P44 New Designator=P?
Change Component Designator: Old Designator=P45 New Designator=P?
Change Component Designator: Old Designator=P46 New Designator=P?
Change Component Designator: Old Designator=P47 New Designator=P?
Change Component Designator: Old Designator=P48 New Designator=P?
Change Component Designator: Old Designator=P49 New Designator=P?
Change Component Designator: Old Designator=P50 New Designator=P?
Change Component Designator: Old Designator=P51 New Designator=P?
Change Component Designator: Old Designator=P52 New Designator=P?
Change Component Designator: Old Designator=P53 New Designator=P?
Change Component Designator: Old Designator=P54 New Designator=P?
Change Component Designator: Old Designator=P55 New Designator=P?
Change Component Designator: Old Designator=P56 New Designator=P?
Change Component Designator: Old Designator=P57 New Designator=P?
Change Component Designator: Old Designator=P58 New Designator=P?
Change Component Designator: Old Designator=P59 New Designator=P?
Change Component Designator: Old Designator=P60 New Designator=P?
Change Component Designator: Old Designator=P61 New Designator=P?
Change Component Designator: Old Designator=P62 New Designator=P?
Change Component Designator: Old Designator=P63 New Designator=P?
Change Component Designator: Old Designator=P64 New Designator=P?
Change Component Designator: Old Designator=P65 New Designator=P?
Change Component Designator: Old Designator=P66 New Designator=P?
Change Component Designator: Old Designator=P67 New Designator=P?
Change Component Designator: Old Designator=P68 New Designator=P?
Change Component Designator: Old Designator=P69 New Designator=P?
Change Component Designator: Old Designator=P70 New Designator=P?
Change Component Designator: Old Designator=P71 New Designator=P?
Change Component Designator: Old Designator=P72 New Designator=P?
Change Component Designator: Old Designator=P73 New Designator=P?
Change Component Designator: Old Designator=Q1 New Designator=Q?
Change Component Designator: Old Designator=Q2 New Designator=Q?
Change Component Designator: Old Designator=Q3 New Designator=Q?
Change Component Designator: Old Designator=Q4 New Designator=Q?
Change Component Designator: Old Designator=R1 New Designator=R?
Change Component Designator: Old Designator=R2 New Designator=R?
Change Component Designator: Old Designator=R3 New Designator=R?
Change Component Designator: Old Designator=R4 New Designator=R?
Change Component Designator: Old Designator=R5 New Designator=R?
Change Component Designator: Old Designator=R6 New Designator=R?
Change Component Designator: Old Designator=R7 New Designator=R?
Change Component Designator: Old Designator=R8 New Designator=R?
Change Component Designator: Old Designator=R9 New Designator=R?
Change Component Designator: Old Designator=R10 New Designator=R?
Change Component Designator: Old Designator=R11 New Designator=R?
Change Component Designator: Old Designator=R12 New Designator=R?
Change Component Designator: Old Designator=R13 New Designator=R?
Change Component Designator: Old Designator=R14 New Designator=R?
Change Component Designator: Old Designator=R15 New Designator=R?
Change Component Designator: Old Designator=S1 New Designator=S?
Change Component Designator: Old Designator=U1 New Designator=U?
Change Component Designator: Old Designator=U2 New Designator=U?
Change Component Designator: Old Designator=U3 New Designator=U?
Change Component Designator: Old Designator=U4 New Designator=U?
