Change Component Designator: Old Designator=C1 New Designator=C4
Change Component Designator: Old Designator=C2 New Designator=C6
Change Component Designator: Old Designator=C3 New Designator=C7
Change Component Designator: Old Designator=C4 New Designator=C11
Change Component Designator: Old Designator=C5 New Designator=C12
Change Component Designator: Old Designator=C6 New Designator=C13
Change Component Designator: Old Designator=C7 New Designator=C14
Change Component Designator: Old Designator=C8 New Designator=C15
Change Component Designator: Old Designator=C9 New Designator=C16
Change Component Designator: Old Designator=C10 New Designator=C1
Change Component Designator: Old Designator=C11 New Designator=C2
Change Component Designator: Old Designator=C12 New Designator=C3
Change Component Designator: Old Designator=C13 New Designator=C8
Change Component Designator: Old Designator=C14 New Designator=C9
Change Component Designator: Old Designator=C15 New Designator=C10
Change Component Designator: Old Designator=C16 New Designator=C5
Change Component Designator: Old Designator=P1 New Designator=P2
Change Component Designator: Old Designator=P2 New Designator=P5
Change Component Designator: Old Designator=P3 New Designator=P1
Change Component Designator: Old Designator=P4 New Designator=P6
Change Component Designator: Old Designator=P5 New Designator=P7
Change Component Designator: Old Designator=P6 New Designator=P8
Change Component Designator: Old Designator=P7 New Designator=P9
Change Component Designator: Old Designator=P8 New Designator=P10
Change Component Designator: Old Designator=P9 New Designator=P11
Change Component Designator: Old Designator=P10 New Designator=P12
Change Component Designator: Old Designator=P11 New Designator=P13
Change Component Designator: Old Designator=P12 New Designator=P14
Change Component Designator: Old Designator=P13 New Designator=P15
Change Component Designator: Old Designator=P14 New Designator=P16
Change Component Designator: Old Designator=P15 New Designator=P17
Change Component Designator: Old Designator=P16 New Designator=P18
Change Component Designator: Old Designator=P17 New Designator=P19
Change Component Designator: Old Designator=P18 New Designator=P20
Change Component Designator: Old Designator=P19 New Designator=P21
Change Component Designator: Old Designator=P20 New Designator=P22
Change Component Designator: Old Designator=P21 New Designator=P23
Change Component Designator: Old Designator=P22 New Designator=P24
Change Component Designator: Old Designator=P23 New Designator=P25
Change Component Designator: Old Designator=P24 New Designator=P26
Change Component Designator: Old Designator=P25 New Designator=P27
Change Component Designator: Old Designator=P26 New Designator=P28
Change Component Designator: Old Designator=P27 New Designator=P29
Change Component Designator: Old Designator=P28 New Designator=P30
Change Component Designator: Old Designator=P29 New Designator=P31
Change Component Designator: Old Designator=P30 New Designator=P32
Change Component Designator: Old Designator=P31 New Designator=P33
Change Component Designator: Old Designator=P32 New Designator=P34
Change Component Designator: Old Designator=P33 New Designator=P35
Change Component Designator: Old Designator=P34 New Designator=P36
Change Component Designator: Old Designator=P35 New Designator=P37
Change Component Designator: Old Designator=P36 New Designator=P38
Change Component Designator: Old Designator=P37 New Designator=P39
Change Component Designator: Old Designator=P? New Designator=P3
Change Component Designator: Old Designator=P? New Designator=P4
Change Component Designator: Old Designator=Q2 New Designator=Q3
Change Component Designator: Old Designator=Q3 New Designator=Q2
Change Component Designator: Old Designator=R3 New Designator=R4
Change Component Designator: Old Designator=R4 New Designator=R9
Change Component Designator: Old Designator=R5 New Designator=R10
Change Component Designator: Old Designator=R6 New Designator=R13
Change Component Designator: Old Designator=R7 New Designator=R14
Change Component Designator: Old Designator=R8 New Designator=R15
Change Component Designator: Old Designator=R9 New Designator=R11
Change Component Designator: Old Designator=R10 New Designator=R12
Change Component Designator: Old Designator=R11 New Designator=R3
Change Component Designator: Old Designator=R12 New Designator=R5
Change Component Designator: Old Designator=R13 New Designator=R6
Change Component Designator: Old Designator=R14 New Designator=R7
Change Component Designator: Old Designator=R15 New Designator=R8
