Change Component Designator: Old Designator=C? New Designator=C1
Change Component Designator: Old Designator=C? New Designator=C2
Change Component Designator: Old Designator=C? New Designator=C3
Change Component Designator: Old Designator=C? New Designator=C4
Change Component Designator: Old Designator=C? New Designator=C5
Change Component Designator: Old Designator=C? New Designator=C6
Change Component Designator: Old Designator=C? New Designator=C7
Change Component Designator: Old Designator=C? New Designator=C8
Change Component Designator: Old Designator=C? New Designator=C9
Change Component Designator: Old Designator=C? New Designator=C10
Change Component Designator: Old Designator=C? New Designator=C11
Change Component Designator: Old Designator=C? New Designator=C12
Change Component Designator: Old Designator=C? New Designator=C13
Change Component Designator: Old Designator=C? New Designator=C14
Change Component Designator: Old Designator=C? New Designator=C15
Change Component Designator: Old Designator=C? New Designator=C16
Change Component Designator: Old Designator=D? New Designator=D1
Change Component Designator: Old Designator=ESP? New Designator=ESP1
Change Component Designator: Old Designator=ESP? New Designator=ESP2
Change Component Designator: Old Designator=LS? New Designator=LS1
Change Component Designator: Old Designator=P? New Designator=P1
Change Component Designator: Old Designator=P? New Designator=P2
Change Component Designator: Old Designator=P? New Designator=P3
Change Component Designator: Old Designator=P? New Designator=P4
Change Component Designator: Old Designator=P? New Designator=P5
Change Component Designator: Old Designator=P? New Designator=P6
Change Component Designator: Old Designator=P? New Designator=P7
Change Component Designator: Old Designator=P? New Designator=P8
Change Component Designator: Old Designator=P? New Designator=P9
Change Component Designator: Old Designator=P? New Designator=P10
Change Component Designator: Old Designator=P? New Designator=P11
Change Component Designator: Old Designator=P? New Designator=P12
Change Component Designator: Old Designator=P? New Designator=P13
Change Component Designator: Old Designator=P? New Designator=P14
Change Component Designator: Old Designator=P? New Designator=P15
Change Component Designator: Old Designator=P? New Designator=P16
Change Component Designator: Old Designator=P? New Designator=P17
Change Component Designator: Old Designator=P? New Designator=P18
Change Component Designator: Old Designator=P? New Designator=P19
Change Component Designator: Old Designator=P? New Designator=P20
Change Component Designator: Old Designator=P? New Designator=P21
Change Component Designator: Old Designator=P? New Designator=P22
Change Component Designator: Old Designator=P? New Designator=P23
Change Component Designator: Old Designator=P? New Designator=P24
Change Component Designator: Old Designator=P? New Designator=P25
Change Component Designator: Old Designator=P? New Designator=P26
Change Component Designator: Old Designator=P? New Designator=P27
Change Component Designator: Old Designator=P? New Designator=P28
Change Component Designator: Old Designator=P? New Designator=P29
Change Component Designator: Old Designator=P? New Designator=P30
Change Component Designator: Old Designator=P? New Designator=P31
Change Component Designator: Old Designator=P? New Designator=P32
Change Component Designator: Old Designator=P? New Designator=P33
Change Component Designator: Old Designator=P? New Designator=P34
Change Component Designator: Old Designator=P? New Designator=P35
Change Component Designator: Old Designator=P? New Designator=P36
Change Component Designator: Old Designator=P? New Designator=P37
Change Component Designator: Old Designator=P? New Designator=P38
Change Component Designator: Old Designator=P? New Designator=P39
Change Component Designator: Old Designator=P? New Designator=P40
Change Component Designator: Old Designator=P? New Designator=P41
Change Component Designator: Old Designator=P? New Designator=P42
Change Component Designator: Old Designator=P? New Designator=P43
Change Component Designator: Old Designator=P? New Designator=P44
Change Component Designator: Old Designator=P? New Designator=P45
Change Component Designator: Old Designator=P? New Designator=P46
Change Component Designator: Old Designator=P? New Designator=P47
Change Component Designator: Old Designator=P? New Designator=P48
Change Component Designator: Old Designator=P? New Designator=P49
Change Component Designator: Old Designator=P? New Designator=P50
Change Component Designator: Old Designator=P? New Designator=P51
Change Component Designator: Old Designator=P? New Designator=P52
Change Component Designator: Old Designator=P? New Designator=P53
Change Component Designator: Old Designator=P? New Designator=P54
Change Component Designator: Old Designator=P? New Designator=P55
Change Component Designator: Old Designator=P? New Designator=P56
Change Component Designator: Old Designator=P? New Designator=P57
Change Component Designator: Old Designator=P? New Designator=P58
Change Component Designator: Old Designator=P? New Designator=P59
Change Component Designator: Old Designator=P? New Designator=P60
Change Component Designator: Old Designator=P? New Designator=P61
Change Component Designator: Old Designator=P? New Designator=P62
Change Component Designator: Old Designator=P? New Designator=P63
Change Component Designator: Old Designator=P? New Designator=P64
Change Component Designator: Old Designator=P? New Designator=P65
Change Component Designator: Old Designator=P? New Designator=P66
Change Component Designator: Old Designator=P? New Designator=P67
Change Component Designator: Old Designator=P? New Designator=P68
Change Component Designator: Old Designator=P? New Designator=P69
Change Component Designator: Old Designator=P? New Designator=P70
Change Component Designator: Old Designator=P? New Designator=P71
Change Component Designator: Old Designator=P? New Designator=P72
Change Component Designator: Old Designator=P? New Designator=P73
Change Component Designator: Old Designator=Q? New Designator=Q1
Change Component Designator: Old Designator=Q? New Designator=Q2
Change Component Designator: Old Designator=Q? New Designator=Q3
Change Component Designator: Old Designator=Q? New Designator=Q4
Change Component Designator: Old Designator=R? New Designator=R1
Change Component Designator: Old Designator=R? New Designator=R2
Change Component Designator: Old Designator=R? New Designator=R3
Change Component Designator: Old Designator=R? New Designator=R4
Change Component Designator: Old Designator=R? New Designator=R5
Change Component Designator: Old Designator=R? New Designator=R6
Change Component Designator: Old Designator=R? New Designator=R7
Change Component Designator: Old Designator=R? New Designator=R8
Change Component Designator: Old Designator=R? New Designator=R9
Change Component Designator: Old Designator=R? New Designator=R10
Change Component Designator: Old Designator=R? New Designator=R11
Change Component Designator: Old Designator=R? New Designator=R12
Change Component Designator: Old Designator=R? New Designator=R13
Change Component Designator: Old Designator=R? New Designator=R14
Change Component Designator: Old Designator=R? New Designator=R15
Change Component Designator: Old Designator=S? New Designator=S1
Change Component Designator: Old Designator=U? New Designator=U1
Change Component Designator: Old Designator=U? New Designator=U2
Change Component Designator: Old Designator=U? New Designator=U3
Change Component Designator: Old Designator=U? New Designator=U4
